c:\users\rotem\onedrive\desktop\שנה ב\system engenering\final_project_rotem_tamar\final_project\x64\debug\vc143.pdb
c:\users\rotem\onedrive\desktop\שנה ב\system engenering\final_project_rotem_tamar\final_project\x64\debug\vc143.idb
c:\users\rotem\onedrive\desktop\שנה ב\system engenering\final_project_rotem_tamar\final_project\x64\debug\transport.obj
c:\users\rotem\onedrive\desktop\שנה ב\system engenering\final_project_rotem_tamar\final_project\x64\debug\time.obj
c:\users\rotem\onedrive\desktop\שנה ב\system engenering\final_project_rotem_tamar\final_project\x64\debug\station.obj
c:\users\rotem\onedrive\desktop\שנה ב\system engenering\final_project_rotem_tamar\final_project\x64\debug\person.obj
c:\users\rotem\onedrive\desktop\שנה ב\system engenering\final_project_rotem_tamar\final_project\x64\debug\main.obj
c:\users\rotem\onedrive\desktop\שנה ב\system engenering\final_project_rotem_tamar\final_project\x64\debug\list.obj
c:\users\rotem\onedrive\desktop\שנה ב\system engenering\final_project_rotem_tamar\final_project\x64\debug\line.obj
c:\users\rotem\onedrive\desktop\שנה ב\system engenering\final_project_rotem_tamar\final_project\x64\debug\general.obj
c:\users\rotem\onedrive\desktop\שנה ב\system engenering\final_project_rotem_tamar\final_project\x64\debug\filehelper.obj
c:\users\rotem\onedrive\desktop\שנה ב\system engenering\final_project_rotem_tamar\final_project\x64\debug\driver.obj
c:\users\rotem\onedrive\desktop\שנה ב\system engenering\final_project_rotem_tamar\final_project\x64\debug\companyfile.obj
c:\users\rotem\onedrive\desktop\שנה ב\system engenering\final_project_rotem_tamar\final_project\x64\debug\company.obj
c:\users\rotem\onedrive\desktop\שנה ב\system engenering\final_project_rotem_tamar\final_project\x64\debug\bus.obj
c:\users\rotem\onedrive\desktop\שנה ב\system engenering\final_project_rotem_tamar\final_project\x64\debug\final_project.exe
c:\users\rotem\onedrive\desktop\שנה ב\system engenering\final_project_rotem_tamar\final_project\x64\debug\final_project.ilk
c:\users\rotem\onedrive\desktop\שנה ב\system engenering\final_project_rotem_tamar\final_project\x64\debug\final_project.pdb
c:\users\rotem\onedrive\desktop\שנה ב\system engenering\final_project_rotem_tamar\final_project\x64\debug\final_project.tlog\cl.command.1.tlog
c:\users\rotem\onedrive\desktop\שנה ב\system engenering\final_project_rotem_tamar\final_project\x64\debug\final_project.tlog\cl.items.tlog
c:\users\rotem\onedrive\desktop\שנה ב\system engenering\final_project_rotem_tamar\final_project\x64\debug\final_project.tlog\cl.read.1.tlog
c:\users\rotem\onedrive\desktop\שנה ב\system engenering\final_project_rotem_tamar\final_project\x64\debug\final_project.tlog\cl.write.1.tlog
c:\users\rotem\onedrive\desktop\שנה ב\system engenering\final_project_rotem_tamar\final_project\x64\debug\final_project.tlog\link.command.1.tlog
c:\users\rotem\onedrive\desktop\שנה ב\system engenering\final_project_rotem_tamar\final_project\x64\debug\final_project.tlog\link.read.1.tlog
c:\users\rotem\onedrive\desktop\שנה ב\system engenering\final_project_rotem_tamar\final_project\x64\debug\final_project.tlog\link.write.1.tlog
